[26-Jul-2018 14:57:01 UTC] PHP Fatal error:  Namespace declaration statement has to be the very first statement in the script in phar:///usr/local/bin/wp/vendor/rmccue/requests/library/Requests.php on line 264
[26-Jul-2018 14:57:01 UTC] PHP Stack trace:
[26-Jul-2018 14:57:01 UTC] PHP   1. {main}() /usr/local/bin/wp:0
[26-Jul-2018 14:57:01 UTC] PHP   2. include() /usr/local/bin/wp:4
[26-Jul-2018 14:57:01 UTC] PHP   3. include() phar:///usr/local/bin/wp/php/boot-phar.php:5
[26-Jul-2018 14:57:01 UTC] PHP   4. WP_CLI\Runner->start() phar:///usr/local/bin/wp/php/wp-cli.php:21
[26-Jul-2018 14:57:01 UTC] PHP   5. WP_CLI\Runner->load_wordpress() phar:///usr/local/bin/wp/php/WP_CLI/Runner.php:945
[26-Jul-2018 14:57:01 UTC] PHP   6. require() phar:///usr/local/bin/wp/php/WP_CLI/Runner.php:1008
[26-Jul-2018 14:57:01 UTC] PHP   7. require() /app/public/wp-settings.php:207
[26-Jul-2018 14:57:01 UTC] PHP   8. class_exists() /app/public/wp-includes/class-http.php:10
[26-Jul-2018 14:57:01 UTC] PHP   9. spl_autoload_call() /app/public/wp-includes/class-http.php:10
[26-Jul-2018 14:57:01 UTC] PHP  10. Composer\Autoload\ClassLoader->loadClass() /app/public/wp-includes/class-http.php:10
[26-Jul-2018 14:57:01 UTC] PHP  11. Composer\Autoload\includeFile() phar:///usr/local/bin/wp/vendor/composer/ClassLoader.php:322
[26-Jul-2018 14:57:01 UTC] PHP Fatal error:  Namespace declaration statement has to be the very first statement in the script in phar:///usr/local/bin/wp/php/WP_CLI/SynopsisValidator.php on line 73
[26-Jul-2018 14:57:01 UTC] PHP Stack trace:
[26-Jul-2018 14:57:01 UTC] PHP   1. {main}() /usr/local/bin/wp:0
[26-Jul-2018 14:57:01 UTC] PHP   2. include() /usr/local/bin/wp:4
[26-Jul-2018 14:57:01 UTC] PHP   3. include() phar:///usr/local/bin/wp/php/boot-phar.php:5
[26-Jul-2018 14:57:01 UTC] PHP   4. WP_CLI\Runner->start() phar:///usr/local/bin/wp/php/wp-cli.php:21
[26-Jul-2018 14:57:01 UTC] PHP   5. WP_CLI\Runner->_run_command() phar:///usr/local/bin/wp/php/WP_CLI/Runner.php:947
[26-Jul-2018 14:57:01 UTC] PHP   6. WP_CLI\Runner->run_command() phar:///usr/local/bin/wp/php/WP_CLI/Runner.php:323
[26-Jul-2018 14:57:01 UTC] PHP   7. WP_CLI\Dispatcher\Subcommand->invoke() phar:///usr/local/bin/wp/php/WP_CLI/Runner.php:316
[26-Jul-2018 14:57:01 UTC] PHP   8. WP_CLI\Dispatcher\Subcommand->validate_args() phar:///usr/local/bin/wp/php/WP_CLI/Dispatcher/Subcommand.php:375
[26-Jul-2018 14:57:01 UTC] PHP   9. spl_autoload_call() phar:///usr/local/bin/wp/php/WP_CLI/Dispatcher/Subcommand.php:253
[26-Jul-2018 14:57:01 UTC] PHP  10. Composer\Autoload\ClassLoader->loadClass() phar:///usr/local/bin/wp/php/WP_CLI/Dispatcher/Subcommand.php:253
[26-Jul-2018 14:57:01 UTC] PHP  11. Composer\Autoload\includeFile() phar:///usr/local/bin/wp/vendor/composer/ClassLoader.php:322
