
2018-07-26 14:56:40 394 [Warning] Using unique option prefix myisam-recover instead of myisam-recover-options is deprecated and will be removed in a future release. Please use the full name instead.
2018-07-26 14:56:40 394 [Note] Plugin 'FEDERATED' is disabled.
2018-07-26 14:56:40 394 [Note] InnoDB: Using atomics to ref count buffer pool pages
2018-07-26 14:56:40 394 [Note] InnoDB: The InnoDB memory heap is disabled
2018-07-26 14:56:40 394 [Note] InnoDB: Mutexes and rw_locks use GCC atomic builtins
2018-07-26 14:56:40 394 [Note] InnoDB: Memory barrier is not used
2018-07-26 14:56:40 394 [Note] InnoDB: Compressed tables use zlib 1.2.8
2018-07-26 14:56:40 394 [Note] InnoDB: Using Linux native AIO
2018-07-26 14:56:40 394 [Note] InnoDB: Using CPU crc32 instructions
2018-07-26 14:56:40 394 [Note] InnoDB: Initializing buffer pool, size = 128.0M
2018-07-26 14:56:40 394 [Note] InnoDB: Completed initialization of buffer pool
2018-07-26 14:56:40 394 [Note] InnoDB: Highest supported file format is Barracuda.
2018-07-26 14:56:40 394 [Warning] InnoDB: Resizing redo log from 2*320 to 2*3072 pages, LSN=1595675
2018-07-26 14:56:40 394 [Warning] InnoDB: Starting to delete and rewrite log files.
2018-07-26 14:56:40 394 [Note] InnoDB: Setting log file ./ib_logfile101 size to 48 MB
2018-07-26 14:56:40 394 [Note] InnoDB: Setting log file ./ib_logfile1 size to 48 MB
2018-07-26 14:56:41 394 [Note] InnoDB: Renaming log file ./ib_logfile101 to ./ib_logfile0
2018-07-26 14:56:41 394 [Warning] InnoDB: New log files created, LSN=1595675
2018-07-26 14:56:41 394 [Note] InnoDB: 128 rollback segment(s) are active.
2018-07-26 14:56:41 394 [Note] InnoDB: Creating tablespace and datafile system tables.
2018-07-26 14:56:41 394 [Note] InnoDB: Tablespace and datafile system tables created.
2018-07-26 14:56:41 394 [Note] InnoDB: Waiting for purge to start
2018-07-26 14:56:41 394 [Note] InnoDB: 5.6.34 started; log sequence number 1595675
2018-07-26 14:56:41 394 [ERROR] mysqld: Table './mysql/user' is marked as crashed and should be repaired
2018-07-26 14:56:41 394 [Warning] Checking table:   './mysql/user'
2018-07-26 14:56:41 394 [ERROR] 1 client is using or hasn't closed the table properly
2018-07-26 14:56:41 394 [Note] Binlog end
2018-07-26 14:56:41 394 [Note] InnoDB: FTS optimize thread exiting.
2018-07-26 14:56:41 394 [Note] InnoDB: Starting shutdown...
2018-07-26 14:56:42 394 [Note] InnoDB: Shutdown completed; log sequence number 1600309
180726 14:56:43 mysqld_safe Starting mysqld daemon with databases from /var/lib/mysql
2018-07-26 14:56:43 0 [Warning] Using unique option prefix key_buffer instead of key_buffer_size is deprecated and will be removed in a future release. Please use the full name instead.
2018-07-26 14:56:43 0 [Warning] TIMESTAMP with implicit DEFAULT value is deprecated. Please use --explicit_defaults_for_timestamp server option (see documentation for more details).
2018-07-26 14:56:43 0 [Note] /usr/sbin/mysqld (mysqld 5.6.34) starting as process 822 ...
2018-07-26 14:56:43 822 [Warning] Using unique option prefix myisam-recover instead of myisam-recover-options is deprecated and will be removed in a future release. Please use the full name instead.
2018-07-26 14:56:43 822 [Note] Plugin 'FEDERATED' is disabled.
2018-07-26 14:56:43 822 [Note] InnoDB: Using atomics to ref count buffer pool pages
2018-07-26 14:56:43 822 [Note] InnoDB: The InnoDB memory heap is disabled
2018-07-26 14:56:43 822 [Note] InnoDB: Mutexes and rw_locks use GCC atomic builtins
2018-07-26 14:56:43 822 [Note] InnoDB: Memory barrier is not used
2018-07-26 14:56:43 822 [Note] InnoDB: Compressed tables use zlib 1.2.8
2018-07-26 14:56:43 822 [Note] InnoDB: Using Linux native AIO
2018-07-26 14:56:43 822 [Note] InnoDB: Using CPU crc32 instructions
2018-07-26 14:56:43 822 [Note] InnoDB: Initializing buffer pool, size = 128.0M
2018-07-26 14:56:43 822 [Note] InnoDB: Completed initialization of buffer pool
2018-07-26 14:56:43 822 [Note] InnoDB: Highest supported file format is Barracuda.
2018-07-26 14:56:43 822 [Note] InnoDB: 128 rollback segment(s) are active.
2018-07-26 14:56:43 822 [Note] InnoDB: Waiting for purge to start
2018-07-26 14:56:43 822 [Note] InnoDB: 5.6.34 started; log sequence number 1600309
2018-07-26 14:56:43 822 [Warning] No existing UUID has been found, so we assume that this is the first time that this server has been started. Generating a new UUID: 1c7c22d0-90e4-11e8-8e56-0242ac110002.
2018-07-26 14:56:43 822 [Note] Server hostname (bind-address): '*'; port: 3306
2018-07-26 14:56:43 822 [Note] IPv6 is available.
2018-07-26 14:56:43 822 [Note]   - '::' resolves to '::';
2018-07-26 14:56:43 822 [Note] Server socket created on IP: '::'.
2018-07-26 14:56:43 822 [ERROR] Column count of mysql.events_waits_current is wrong. Expected 19, found 16. Created with MySQL 50555, now running 50634. Please use mysql_upgrade to fix this error.
2018-07-26 14:56:43 822 [ERROR] Column count of mysql.events_waits_history is wrong. Expected 19, found 16. Created with MySQL 50555, now running 50634. Please use mysql_upgrade to fix this error.
2018-07-26 14:56:43 822 [ERROR] Column count of mysql.events_waits_history_long is wrong. Expected 19, found 16. Created with MySQL 50555, now running 50634. Please use mysql_upgrade to fix this error.
2018-07-26 14:56:43 822 [ERROR] Native table 'performance_schema'.'events_waits_summary_by_host_by_event_name' has the wrong structure
2018-07-26 14:56:43 822 [ERROR] Incorrect definition of table performance_schema.events_waits_summary_by_thread_by_event_name: expected column 'THREAD_ID' at position 0 to have type bigint(20), found type int(11).
2018-07-26 14:56:43 822 [ERROR] Native table 'performance_schema'.'events_waits_summary_by_user_by_event_name' has the wrong structure
2018-07-26 14:56:43 822 [ERROR] Native table 'performance_schema'.'events_waits_summary_by_account_by_event_name' has the wrong structure
2018-07-26 14:56:43 822 [ERROR] Column count of mysql.file_summary_by_event_name is wrong. Expected 23, found 5. Created with MySQL 50555, now running 50634. Please use mysql_upgrade to fix this error.
2018-07-26 14:56:43 822 [ERROR] Column count of mysql.file_summary_by_instance is wrong. Expected 25, found 6. Created with MySQL 50555, now running 50634. Please use mysql_upgrade to fix this error.
2018-07-26 14:56:43 822 [ERROR] Native table 'performance_schema'.'host_cache' has the wrong structure
2018-07-26 14:56:43 822 [ERROR] Incorrect definition of table performance_schema.mutex_instances: expected column 'LOCKED_BY_THREAD_ID' at position 2 to have type bigint(20), found type int(11).
2018-07-26 14:56:43 822 [ERROR] Native table 'performance_schema'.'objects_summary_global_by_type' has the wrong structure
2018-07-26 14:56:43 822 [ERROR] Incorrect definition of table performance_schema.rwlock_instances: expected column 'WRITE_LOCKED_BY_THREAD_ID' at position 2 to have type bigint(20), found type int(11).
2018-07-26 14:56:43 822 [ERROR] Native table 'performance_schema'.'setup_actors' has the wrong structure
2018-07-26 14:56:43 822 [ERROR] Native table 'performance_schema'.'setup_objects' has the wrong structure
2018-07-26 14:56:43 822 [ERROR] Native table 'performance_schema'.'table_io_waits_summary_by_index_usage' has the wrong structure
2018-07-26 14:56:43 822 [ERROR] Native table 'performance_schema'.'table_io_waits_summary_by_table' has the wrong structure
2018-07-26 14:56:43 822 [ERROR] Native table 'performance_schema'.'table_lock_waits_summary_by_table' has the wrong structure
2018-07-26 14:56:43 822 [ERROR] Column count of mysql.threads is wrong. Expected 14, found 3. Created with MySQL 50555, now running 50634. Please use mysql_upgrade to fix this error.
2018-07-26 14:56:43 822 [ERROR] Native table 'performance_schema'.'events_stages_current' has the wrong structure
2018-07-26 14:56:43 822 [ERROR] Native table 'performance_schema'.'events_stages_history' has the wrong structure
2018-07-26 14:56:43 822 [ERROR] Native table 'performance_schema'.'events_stages_history_long' has the wrong structure
2018-07-26 14:56:43 822 [ERROR] Native table 'performance_schema'.'events_stages_summary_by_thread_by_event_name' has the wrong structure
2018-07-26 14:56:43 822 [ERROR] Native table 'performance_schema'.'events_stages_summary_by_account_by_event_name' has the wrong structure
2018-07-26 14:56:43 822 [ERROR] Native table 'performance_schema'.'events_stages_summary_by_user_by_event_name' has the wrong structure
2018-07-26 14:56:43 822 [ERROR] Native table 'performance_schema'.'events_stages_summary_by_host_by_event_name' has the wrong structure
2018-07-26 14:56:43 822 [ERROR] Native table 'performance_schema'.'events_stages_summary_global_by_event_name' has the wrong structure
2018-07-26 14:56:43 822 [ERROR] Native table 'performance_schema'.'events_statements_current' has the wrong structure
2018-07-26 14:56:43 822 [ERROR] Native table 'performance_schema'.'events_statements_history' has the wrong structure
2018-07-26 14:56:43 822 [ERROR] Native table 'performance_schema'.'events_statements_history_long' has the wrong structure
2018-07-26 14:56:43 822 [ERROR] Native table 'performance_schema'.'events_statements_summary_by_thread_by_event_name' has the wrong structure
2018-07-26 14:56:43 822 [ERROR] Native table 'performance_schema'.'events_statements_summary_by_account_by_event_name' has the wrong structure
2018-07-26 14:56:43 822 [ERROR] Native table 'performance_schema'.'events_statements_summary_by_user_by_event_name' has the wrong structure
2018-07-26 14:56:43 822 [ERROR] Native table 'performance_schema'.'events_statements_summary_by_host_by_event_name' has the wrong structure
2018-07-26 14:56:43 822 [ERROR] Native table 'performance_schema'.'events_statements_summary_global_by_event_name' has the wrong structure
2018-07-26 14:56:43 822 [ERROR] Native table 'performance_schema'.'events_statements_summary_by_digest' has the wrong structure
2018-07-26 14:56:43 822 [ERROR] Native table 'performance_schema'.'users' has the wrong structure
2018-07-26 14:56:43 822 [ERROR] Native table 'performance_schema'.'accounts' has the wrong structure
2018-07-26 14:56:43 822 [ERROR] Native table 'performance_schema'.'hosts' has the wrong structure
2018-07-26 14:56:43 822 [ERROR] Native table 'performance_schema'.'socket_instances' has the wrong structure
2018-07-26 14:56:43 822 [ERROR] Native table 'performance_schema'.'socket_summary_by_instance' has the wrong structure
2018-07-26 14:56:43 822 [ERROR] Native table 'performance_schema'.'socket_summary_by_event_name' has the wrong structure
2018-07-26 14:56:43 822 [ERROR] Native table 'performance_schema'.'session_connect_attrs' has the wrong structure
2018-07-26 14:56:43 822 [ERROR] Native table 'performance_schema'.'session_account_connect_attrs' has the wrong structure
2018-07-26 14:56:43 822 [Note] Event Scheduler: Loaded 0 events
2018-07-26 14:56:43 822 [Note] /usr/sbin/mysqld: ready for connections.
Version: '5.6.34'  socket: '/var/run/mysqld/mysqld.sock'  port: 3306  MySQL Community Server (GPL)
180726 16:36:30 mysqld_safe Starting mysqld daemon with databases from /var/lib/mysql
2018-07-26 16:36:30 0 [Warning] Using unique option prefix key_buffer instead of key_buffer_size is deprecated and will be removed in a future release. Please use the full name instead.
2018-07-26 16:36:30 0 [Warning] TIMESTAMP with implicit DEFAULT value is deprecated. Please use --explicit_defaults_for_timestamp server option (see documentation for more details).
2018-07-26 16:36:30 0 [Note] /usr/sbin/mysqld (mysqld 5.6.34) starting as process 548 ...
2018-07-26 16:36:30 548 [Warning] Using unique option prefix myisam-recover instead of myisam-recover-options is deprecated and will be removed in a future release. Please use the full name instead.
2018-07-26 16:36:30 548 [Note] Plugin 'FEDERATED' is disabled.
2018-07-26 16:36:30 548 [Note] InnoDB: Using atomics to ref count buffer pool pages
2018-07-26 16:36:30 548 [Note] InnoDB: The InnoDB memory heap is disabled
2018-07-26 16:36:30 548 [Note] InnoDB: Mutexes and rw_locks use GCC atomic builtins
2018-07-26 16:36:30 548 [Note] InnoDB: Memory barrier is not used
2018-07-26 16:36:30 548 [Note] InnoDB: Compressed tables use zlib 1.2.8
2018-07-26 16:36:30 548 [Note] InnoDB: Using Linux native AIO
2018-07-26 16:36:30 548 [Note] InnoDB: Using CPU crc32 instructions
2018-07-26 16:36:30 548 [Note] InnoDB: Initializing buffer pool, size = 8.0M
2018-07-26 16:36:30 548 [Note] InnoDB: Completed initialization of buffer pool
2018-07-26 16:36:30 548 [Note] InnoDB: Highest supported file format is Barracuda.
2018-07-26 16:36:30 548 [Note] InnoDB: The log sequence numbers 1600309 and 1600309 in ibdata files do not match the log sequence number 2480668 in the ib_logfiles!
2018-07-26 16:36:30 548 [Note] InnoDB: Database was not shutdown normally!
2018-07-26 16:36:30 548 [Note] InnoDB: Starting crash recovery.
2018-07-26 16:36:30 548 [Note] InnoDB: Reading tablespace information from the .ibd files...
2018-07-26 16:36:30 548 [Note] InnoDB: Restoring possible half-written data pages 
2018-07-26 16:36:30 548 [Note] InnoDB: from the doublewrite buffer...
2018-07-26 16:36:30 548 [Note] InnoDB: 128 rollback segment(s) are active.
2018-07-26 16:36:30 548 [Note] InnoDB: Waiting for purge to start
2018-07-26 16:36:30 548 [Note] InnoDB: 5.6.34 started; log sequence number 2480668
2018-07-26 16:36:30 548 [Note] Server hostname (bind-address): '*'; port: 3306
2018-07-26 16:36:30 548 [Note] IPv6 is available.
2018-07-26 16:36:30 548 [Note]   - '::' resolves to '::';
2018-07-26 16:36:30 548 [Note] Server socket created on IP: '::'.
2018-07-26 16:36:30 548 [Note] Event Scheduler: Loaded 0 events
2018-07-26 16:36:30 548 [Note] /usr/sbin/mysqld: ready for connections.
Version: '5.6.34'  socket: '/var/run/mysqld/mysqld.sock'  port: 3306  MySQL Community Server (GPL)
180726 18:32:31 mysqld_safe Starting mysqld daemon with databases from /var/lib/mysql
2018-07-26 18:32:31 0 [Warning] Using unique option prefix key_buffer instead of key_buffer_size is deprecated and will be removed in a future release. Please use the full name instead.
2018-07-26 18:32:31 0 [Warning] TIMESTAMP with implicit DEFAULT value is deprecated. Please use --explicit_defaults_for_timestamp server option (see documentation for more details).
2018-07-26 18:32:31 0 [Note] /usr/sbin/mysqld (mysqld 5.6.34) starting as process 544 ...
2018-07-26 18:32:31 544 [Warning] Using unique option prefix myisam-recover instead of myisam-recover-options is deprecated and will be removed in a future release. Please use the full name instead.
2018-07-26 18:32:31 544 [Note] Plugin 'FEDERATED' is disabled.
2018-07-26 18:32:31 544 [Note] InnoDB: Using atomics to ref count buffer pool pages
2018-07-26 18:32:31 544 [Note] InnoDB: The InnoDB memory heap is disabled
2018-07-26 18:32:31 544 [Note] InnoDB: Mutexes and rw_locks use GCC atomic builtins
2018-07-26 18:32:31 544 [Note] InnoDB: Memory barrier is not used
2018-07-26 18:32:31 544 [Note] InnoDB: Compressed tables use zlib 1.2.8
2018-07-26 18:32:31 544 [Note] InnoDB: Using Linux native AIO
2018-07-26 18:32:31 544 [Note] InnoDB: Using CPU crc32 instructions
2018-07-26 18:32:31 544 [Note] InnoDB: Initializing buffer pool, size = 8.0M
2018-07-26 18:32:31 544 [Note] InnoDB: Completed initialization of buffer pool
2018-07-26 18:32:31 544 [Note] InnoDB: Highest supported file format is Barracuda.
2018-07-26 18:32:31 544 [Note] InnoDB: The log sequence numbers 1600309 and 1600309 in ibdata files do not match the log sequence number 3001540 in the ib_logfiles!
2018-07-26 18:32:31 544 [Note] InnoDB: Database was not shutdown normally!
2018-07-26 18:32:31 544 [Note] InnoDB: Starting crash recovery.
2018-07-26 18:32:31 544 [Note] InnoDB: Reading tablespace information from the .ibd files...
2018-07-26 18:32:31 544 [Note] InnoDB: Restoring possible half-written data pages 
2018-07-26 18:32:31 544 [Note] InnoDB: from the doublewrite buffer...
2018-07-26 18:32:31 544 [Note] InnoDB: 128 rollback segment(s) are active.
2018-07-26 18:32:31 544 [Note] InnoDB: Waiting for purge to start
2018-07-26 18:32:31 544 [Note] InnoDB: 5.6.34 started; log sequence number 3001540
2018-07-26 18:32:31 544 [Note] Server hostname (bind-address): '*'; port: 3306
2018-07-26 18:32:31 544 [Note] IPv6 is available.
2018-07-26 18:32:31 544 [Note]   - '::' resolves to '::';
2018-07-26 18:32:31 544 [Note] Server socket created on IP: '::'.
2018-07-26 18:32:31 544 [Note] Event Scheduler: Loaded 0 events
2018-07-26 18:32:31 544 [Note] /usr/sbin/mysqld: ready for connections.
Version: '5.6.34'  socket: '/var/run/mysqld/mysqld.sock'  port: 3306  MySQL Community Server (GPL)
